生成启动时间为 2019/3/27 10:01:08。
     1>项目“C:\Users\Administrator\Desktop\compare\compare\compare.vcxproj”在节点 2 上(Rebuild 个目标)。
     1>ClCompile:
         C:\Program Files (x86)\Microsoft Visual Studio 12.0\VC\bin\x86_amd64\CL.exe /c /Zi /nologo /W3 /WX- /sdl /Od /D _MBCS /Gm /EHsc /RTC1 /MDd /GS /fp:precise /Zc:wchar_t /Zc:forScope /Fo"x64\Debug\\" /Fd"x64\Debug\vc120.pdb" /Gd /TP /errorReport:prompt CMS.cpp HK.cpp LC.cpp SS.cpp test.cpp
         test.cpp
         SS.cpp
         LC.cpp
         HK.cpp
     1>HK.cpp(10): warning C4244: “参数”: 从“time_t”转换到“unsigned int”，可能丢失数据
         CMS.cpp
         正在生成代码...
       Link:
         C:\Program Files (x86)\Microsoft Visual Studio 12.0\VC\bin\x86_amd64\link.exe /ERRORREPORT:PROMPT /OUT:"C:\Users\Administrator\Desktop\compare\x64\Debug\compare.exe" /INCREMENTAL /NOLOGO kernel32.lib user32.lib gdi32.lib winspool.lib comdlg32.lib advapi32.lib shell32.lib ole32.lib oleaut32.lib uuid.lib odbc32.lib odbccp32.lib /MANIFEST /MANIFESTUAC:"level='asInvoker' uiAccess='false'" /manifest:embed /DEBUG /PDB:"C:\Users\Administrator\Desktop\compare\x64\Debug\compare.pdb" /TLBID:1 /DYNAMICBASE /NXCOMPAT /IMPLIB:"C:\Users\Administrator\Desktop\compare\x64\Debug\compare.lib" /MACHINE:X64 /PROFILE x64\Debug\CMS.obj
         x64\Debug\HK.obj
         x64\Debug\LC.obj
         x64\Debug\SS.obj
         x64\Debug\test.obj
     1>LINK : warning LNK4075: 忽略“/INCREMENTAL”(由于“/PROFILE”规范)
         compare.vcxproj -> C:\Users\Administrator\Desktop\compare\x64\Debug\compare.exe
     1>已完成生成项目“C:\Users\Administrator\Desktop\compare\compare\compare.vcxproj”(Rebuild 个目标)的操作。

生成成功。

已用时间 00:00:02.06
